<?xml version="1.0" encoding="UTF-8"?>
<!-- Generated by org.testng.reporters.JUnitReportReporter -->
<testsuite hostname="LTIN214668" failures="0" tests="5" name="testCases.TC_01_DoctorSearch" time="275.154" errors="0" timestamp="27 Feb 2024 17:42:31 GMT">
  <testcase classname="testCases.TC_01_DoctorSearch" name="search" time="23.240"/>
  <testcase classname="testCases.TC_01_DoctorSearch" name="GetName" time="13.414"/>
  <testcase classname="testCases.TC_01_DoctorSearch" name="FormValidation" time="120.295"/>
  <testcase classname="testCases.TC_01_DoctorSearch" name="sortD" time="46.804"/>
  <testcase classname="testCases.TC_01_DoctorSearch" name="surLst" time="71.401"/>
</testsuite> <!-- testCases.TC_01_DoctorSearch -->
